生成启动时间为 2019-02-28 09:32:56。
     1>项目“D:\vs2013Projects\driverReadWriteMemory\driverMem\driverMem.vcxproj”在节点 2 上(Rebuild 个目标)。
     1>StampInf:
         C:\Program Files\Windows Kits\8.1\bin\x86\stampinf.exe -d "*" -a "x86" -v "*" -k "1.11" -u "1.11.0" -f Win7Debug\driverMem.inf 
         Stamping Win7Debug\driverMem.inf [Version] section with DriverVer=02/28/2019,9.32.56.865
       ClCompile:
         D:\Microsoft Visual Studio 12.0\VC\bin\CL.exe /c /IWin7Debug\ /Zi /nologo /W4 /WX- /Od /Oi /Oy- /D _X86_=1 /D i386=1 /D STD_CALL /D DEPRECATE_DDK_FUNCTIONS=1 /D MSC_NOOPT /D _WIN32_WINNT=0x0601 /D WINVER=0x0601 /D WINNT=1 /D NTDDI_VERSION=0x06010000 /D DBG=1 /GF /Gm- /Zp8 /GS /Gy /fp:precise /Zc:wchar_t- /Zc:forScope- /GR- /Fo"Win7Debug\\" /Fd"Win7Debug\vc120.pdb" /Gz /wd4748 /wd4603 /wd4627 /wd4986 /wd4987 /wd4996 /FI"C:\Program Files\Windows Kits\8.1\Include\Shared\warning.h" /analyze- /errorReport:prompt /kernel -cbstring /d1import_no_registry /d2AllowCompatibleILVersions /d2Zi+ dirverMem.cpp
         dirverMem.cpp
     1>dirverMem.cpp(26): warning C4100: “fdo”: 未引用的形参
     1>dirverMem.cpp(138): warning C4238: 使用了非标准扩展: 类 rvalue 用作了 lvalue
     1>dirverMem.cpp(151): warning C4238: 使用了非标准扩展: 类 rvalue 用作了 lvalue
     1>dirverMem.cpp(152): warning C4238: 使用了非标准扩展: 类 rvalue 用作了 lvalue
     1>dirverMem.cpp(172): warning C4100: “pRegistryPath”: 未引用的形参
       Link:
         D:\Microsoft Visual Studio 12.0\VC\bin\link.exe /ERRORREPORT:PROMPT /OUT:"D:\vs2013Projects\driverReadWriteMemory\Win7Debug\driverMem.sys" /VERSION:"6.3" /INCREMENTAL:NO /NOLOGO /WX /SECTION:"INIT,d" "C:\Program Files\Windows Kits\8.1\lib\win7\KM\x86\memcmp.lib" "C:\Program Files\Windows Kits\8.1\lib\win7\KM\x86\BufferOverflowK.lib" "C:\Program Files\Windows Kits\8.1\lib\win7\KM\x86\ntoskrnl.lib" "C:\Program Files\Windows Kits\8.1\lib\win7\KM\x86\hal.lib" "C:\Program Files\Windows Kits\8.1\lib\win7\KM\x86\wmilib.lib" /NODEFAULTLIB /MANIFEST:NO /DEBUG /PDB:"D:\vs2013Projects\driverReadWriteMemory\Win7Debug\driverMem.pdb" /SUBSYSTEM:NATIVE,"6.01" /Driver /OPT:REF /OPT:ICF /ENTRY:"GsDriverEntry@8" /RELEASE /IMPLIB:"D:\vs2013Projects\driverReadWriteMemory\Win7Debug\driverMem.lib" /MERGE:"_TEXT=.text;_PAGE=PAGE" /MACHINE:X86 /PROFILE /kernel /IGNORE:4198,4010,4037,4039,4065,4070,4078,4087,4089,4221 /osversion:6.3 /pdbcompress /debugtype:pdata Win7Debug\dirverMem.obj
         driverMem.vcxproj -> D:\vs2013Projects\driverReadWriteMemory\Win7Debug\driverMem.sys
       DriverTestSign:
         C:\Program Files\Windows Kits\8.1\bin\x86\signtool.exe sign /ph /sha1 "E2DF73EC11C2D03141EC26BC9E259DE88055E0B5" 
         Done Adding Additional Store
         Successfully signed: D:\vs2013Projects\driverReadWriteMemory\Win7Debug\driverMem.sys
         
     1>已完成生成项目“D:\vs2013Projects\driverReadWriteMemory\driverMem\driverMem.vcxproj”(Rebuild 个目标)的操作。

生成成功。

已用时间 00:00:02.30
